<?xml version="1.0" encoding="UTF-8"?>
<!-- Generated by org.testng.reporters.JUnitReportReporter -->
<testsuite hostname="DESKTOP-PMKJOI5" failures="0" tests="6" name="TestClass_TestNG.TestNG_Keywords" time="0.019" errors="0" timestamp="2023-06-13T23:38:12 IST" skipped="1">
  <testcase classname="TestClass_TestNG.TestNG_Keywords" name="TC02" time="0.001"/>
  <system-out/>
  <testcase classname="TestClass_TestNG.TestNG_Keywords" name="TC01" time="0.007"/>
  <system-out/>
  <testcase classname="TestClass_TestNG.TestNG_Keywords" name="TC01" time="0.004"/>
  <system-out/>
  <testcase classname="TestClass_TestNG.TestNG_Keywords" name="TC03" time="0.006"/>
  <system-out/>
  <testcase classname="TestClass_TestNG.TestNG_Keywords" name="AC04" time="0.001"/>
  <system-out/>
  <testcase classname="TestClass_TestNG.TestNG_Keywords" name="TC05">
    <skipped/>
  </testcase> <!-- TC05 -->
  <system-out/>
</testsuite> <!-- TestClass_TestNG.TestNG_Keywords -->
