<?xml version="1.0" encoding="UTF-8"?>
<!-- Generated by org.testng.reporters.JUnitReportReporter -->
<testsuite hostname="DESKTOP-PMKJOI5" failures="0" tests="3" name="TestClass_TestNG.Grouping_methods" time="0.014" errors="0" timestamp="2022-06-20T11:45:25 IST" skipped="0">
  <testcase classname="TestClass_TestNG.Grouping_methods" name="TC02" time="0.002"/>
  <system-out/>
  <testcase classname="TestClass_TestNG.Grouping_methods" name="TC04" time="0.004"/>
  <system-out/>
  <testcase classname="TestClass_TestNG.Grouping_methods" name="TC05" time="0.008"/>
  <system-out/>
</testsuite> <!-- TestClass_TestNG.Grouping_methods -->
