<?xml version="1.0" encoding="UTF-8"?>
<!-- Generated by org.testng.reporters.JUnitReportReporter -->
<testsuite hostname="DESKTOP-PMKJOI5" failures="0" tests="3" name="TestClass_TestNG.TestNG_Basic_Hierarchy" time="0.012" errors="0" timestamp="2022-06-15T13:03:52 IST" skipped="0">
  <testcase classname="TestClass_TestNG.TestNG_Basic_Hierarchy" name="TC01" time="0.006"/>
  <system-out/>
  <testcase classname="TestClass_TestNG.TestNG_Basic_Hierarchy" name="TC03" time="0.002"/>
  <system-out/>
  <testcase classname="TestClass_TestNG.TestNG_Basic_Hierarchy" name="TC02" time="0.004"/>
  <system-out/>
</testsuite> <!-- TestClass_TestNG.TestNG_Basic_Hierarchy -->
