<?xml version="1.0" encoding="UTF-8"?>
<!-- Generated by org.testng.reporters.JUnitReportReporter -->
<testsuite hostname="DESKTOP-PMKJOI5" failures="0" tests="3" name="Parallel_Testing.ParallelTest2" time="0.011" errors="0" timestamp="2024-02-04T01:19:55 IST" skipped="0">
  <testcase classname="Parallel_Testing.ParallelTest2" name="TC03" time="0.001"/>
  <system-out/>
  <testcase classname="Parallel_Testing.ParallelTest2" name="TC02" time="0.001"/>
  <system-out/>
  <testcase classname="Parallel_Testing.ParallelTest2" name="TC01" time="0.009"/>
  <system-out/>
</testsuite> <!-- Parallel_Testing.ParallelTest2 -->
