<?xml version="1.0" encoding="UTF-8"?>
<!-- Generated by org.testng.reporters.JUnitReportReporter -->
<testsuite hostname="DESKTOP-PMKJOI5" failures="0" tests="2" name="TestClass_TestNG.Soft_Assert" time="0.012" errors="0" timestamp="2022-06-17T13:55:31 IST" skipped="0">
  <testcase classname="TestClass_TestNG.Soft_Assert" name="TC02" time="0.002"/>
  <system-out/>
  <testcase classname="TestClass_TestNG.Soft_Assert" name="TC01" time="0.010"/>
  <system-out/>
</testsuite> <!-- TestClass_TestNG.Soft_Assert -->
