<?xml version="1.0" encoding="UTF-8"?>
<!-- Generated by org.testng.reporters.JUnitReportReporter -->
<testsuite hostname="DESKTOP-PMKJOI5" failures="0" tests="1" name="TestClass_TestNG.AmazonLogin_TestNG" time="22.162" errors="0" timestamp="2022-06-11T16:54:59 IST" skipped="0">
  <testcase classname="TestClass_TestNG.AmazonLogin_TestNG" name="TitleValidation" time="22.162"/>
  <system-out/>
</testsuite> <!-- TestClass_TestNG.AmazonLogin_TestNG -->
