<?xml version="1.0" encoding="UTF-8"?>
<!-- Generated by org.testng.reporters.JUnitReportReporter -->
<testsuite hostname="DESKTOP-PMKJOI5" failures="0" tests="3" name="TestClass_TestNG.TestNG_Basic_Hierarchy" time="0.013" errors="0" timestamp="2024-11-08T23:46:39 IST" skipped="0">
  <testcase classname="TestClass_TestNG.TestNG_Basic_Hierarchy" name="TC01" time="0.007"/>
  <testcase classname="TestClass_TestNG.TestNG_Basic_Hierarchy" name="TC02" time="0.004"/>
  <testcase classname="TestClass_TestNG.TestNG_Basic_Hierarchy" name="TC03" time="0.002"/>
</testsuite> <!-- TestClass_TestNG.TestNG_Basic_Hierarchy -->
