<?xml version="1.0" encoding="UTF-8"?>
<!-- Generated by org.testng.reporters.JUnitReportReporter -->
<testsuite hostname="DESKTOP-PMKJOI5" failures="0" tests="6" name="TestClass_TestNG.TestNG_Keywords" time="0.017" errors="0" timestamp="2024-11-08T23:46:39 IST" skipped="1">
  <testcase classname="TestClass_TestNG.TestNG_Keywords" name="TC02" time="0.001"/>
  <testcase classname="TestClass_TestNG.TestNG_Keywords" name="TC01" time="0.002"/>
  <testcase classname="TestClass_TestNG.TestNG_Keywords" name="TC01" time="0.002"/>
  <testcase classname="TestClass_TestNG.TestNG_Keywords" name="TC03" time="0.010"/>
  <testcase classname="TestClass_TestNG.TestNG_Keywords" name="AC04" time="0.002"/>
  <testcase classname="TestClass_TestNG.TestNG_Keywords" name="TC05">
    <skipped/>
  </testcase> <!-- TC05 -->
</testsuite> <!-- TestClass_TestNG.TestNG_Keywords -->
